[2024-04-01][11:12:33][sabreur][INFO] sabreur v0.5.0 starting up!
[2024-04-01][11:12:33][sabreur][INFO] You are in paired-end mode
[2024-04-01][11:12:33][sabreur][INFO] Output files will be .gz compressed
[2024-04-01][11:14:48][sabreur][INFO] 1184 records found for GATGCTTG barcode
[2024-04-01][11:14:48][sabreur][INFO] 170 records found for GAGTTCAC barcode
[2024-04-01][11:14:48][sabreur][INFO] 3680 records found for GAGTCTGT barcode
[2024-04-01][11:14:48][sabreur][INFO] 5912 records found for GAGTCTCA barcode
[2024-04-01][11:14:48][sabreur][INFO] 808 records found for GATCTGCA barcode
[2024-04-01][11:14:48][sabreur][INFO] 143 records found for GAGTTGAG barcode
[2024-04-01][11:14:48][sabreur][INFO] 732 records found for GATCCTTC barcode
[2024-04-01][11:14:48][sabreur][INFO] 870 records found for GATCTCCT barcode
[2024-04-01][11:14:48][sabreur][INFO] 1311 records found for GATCTCGA barcode
[2024-04-01][11:14:48][sabreur][INFO] 325 records found for GATGACGA barcode
[2024-04-01][11:14:48][sabreur][INFO] 155 records found for GAGTTCTG barcode
[2024-04-01][11:14:48][sabreur][INFO] 133 records found for GATGGAAC barcode
[2024-04-01][11:14:48][sabreur][INFO] 5805 records found for GAGATCTC barcode
[2024-04-01][11:14:48][sabreur][INFO] 4700 records found for GAGATCAG barcode
[2024-04-01][11:14:48][sabreur][INFO] 2831 records found for GAGTAGAC barcode
[2024-04-01][11:14:48][sabreur][INFO] 581 records found for GATCCAAC barcode
[2024-04-01][11:14:48][sabreur][INFO] 379 records found for GATCCTAG barcode
[2024-04-01][11:14:48][sabreur][INFO] 4995 records found for GAGTCAGA barcode
[2024-04-01][11:14:48][sabreur][INFO] 287 records found for GATGACCT barcode
[2024-04-01][11:14:48][sabreur][INFO] 1852 records found for GAGTGTCT barcode
[2024-04-01][11:14:48][sabreur][INFO] 1234 records found for GATCTGGT barcode
[2024-04-01][11:14:48][sabreur][INFO] 483 records found for GATCGATC barcode
[2024-04-01][11:14:48][sabreur][INFO] 5561 records found for GAGATGAC barcode
[2024-04-01][11:14:48][sabreur][INFO] 914 records found for GATCAGCT barcode
[2024-04-01][11:14:48][sabreur][INFO] 529 records found for GATGGTAG barcode
[2024-04-01][11:14:48][sabreur][INFO] 474 records found for GAGTGTGA barcode
[2024-04-01][11:14:48][sabreur][INFO] 2758 records found for GAGTACAG barcode
[2024-04-01][11:14:48][sabreur][INFO] 395 records found for GATCACGT barcode
[2024-04-01][11:14:48][sabreur][INFO] 2804 records found for GAGTACTC barcode
[2024-04-01][11:14:48][sabreur][INFO] 818 records found for GATCGTAC barcode
[2024-04-01][11:14:48][sabreur][INFO] 839 records found for GAGTTGTC barcode
[2024-04-01][11:14:48][sabreur][INFO] 3828 records found for GAGTCACT barcode
[2024-04-01][11:14:48][sabreur][INFO] 667 records found for GAGTGAGT barcode
[2024-04-01][11:14:48][sabreur][INFO] 233 records found for GATCGTTG barcode
[2024-04-01][11:14:48][sabreur][INFO] 5772 records found for GAGAGTGT barcode
[2024-04-01][11:14:48][sabreur][INFO] 3985 records found for GAGTAGTG barcode
[2024-04-01][11:14:48][sabreur][INFO] 940 records found for GATGGATG barcode
[2024-04-01][11:14:48][sabreur][INFO] 814 records found for GATGCTAC barcode
[2024-04-01][11:14:48][sabreur][INFO] 4970 records found for GAGATGTG barcode
[2024-04-01][11:14:48][sabreur][INFO] 267 records found for GATCAGGA barcode
[2024-04-01][11:14:48][sabreur][INFO] 168 records found for GATCGAAG barcode
[2024-04-01][11:14:48][sabreur][INFO] 643 records found for GATCCATG barcode
[2024-04-01][11:14:48][sabreur][INFO] 2472 records found for GAGTGACA barcode
[2024-04-01][11:14:48][sabreur][INFO] 492 records found for GATCACCA barcode
[2024-04-01][11:14:48][sabreur][INFO] 450 records found for GATGCATC barcode
[2024-04-01][11:14:48][sabreur][INFO] 247 records found for GATGCAAG barcode
[2024-04-01][11:14:48][sabreur][INFO] 565 records found for GATGAGGT barcode
[2024-04-01][11:14:48][sabreur][INFO] 822 records found for GATGAGCA barcode
[2024-04-01][11:14:48][sabreur][INFO] Results are available in sabreur_out
[2024-04-01][11:14:48][sabreur][INFO] Walltime: 0h:2m:135s 135007ms
[2024-04-01][11:14:48][sabreur][INFO] Thanks. Share. Come again!
[2024-04-01][11:14:48][sabreur][INFO] sabreur v0.5.0 starting up!
[2024-04-01][11:14:48][sabreur][INFO] You are in paired-end mode
[2024-04-01][11:14:48][sabreur][INFO] Output files will be .gz compressed
[2024-04-01][11:14:48][sabreur][INFO] Reusing directory sabreur_out
[2024-04-01][11:17:03][sabreur][INFO] 914 records found for GATCAGCT barcode
[2024-04-01][11:17:03][sabreur][INFO] 4970 records found for GAGATGTG barcode
[2024-04-01][11:17:03][sabreur][INFO] 2472 records found for GAGTGACA barcode
[2024-04-01][11:17:03][sabreur][INFO] 565 records found for GATGAGGT barcode
[2024-04-01][11:17:03][sabreur][INFO] 287 records found for GATGACCT barcode
[2024-04-01][11:17:03][sabreur][INFO] 143 records found for GAGTTGAG barcode
[2024-04-01][11:17:03][sabreur][INFO] 170 records found for GAGTTCAC barcode
[2024-04-01][11:17:03][sabreur][INFO] 808 records found for GATCTGCA barcode
[2024-04-01][11:17:03][sabreur][INFO] 529 records found for GATGGTAG barcode
[2024-04-01][11:17:03][sabreur][INFO] 3985 records found for GAGTAGTG barcode
[2024-04-01][11:17:03][sabreur][INFO] 2758 records found for GAGTACAG barcode
[2024-04-01][11:17:03][sabreur][INFO] 3680 records found for GAGTCTGT barcode
[2024-04-01][11:17:03][sabreur][INFO] 5561 records found for GAGATGAC barcode
[2024-04-01][11:17:03][sabreur][INFO] 1311 records found for GATCTCGA barcode
[2024-04-01][11:17:03][sabreur][INFO] 5805 records found for GAGATCTC barcode
[2024-04-01][11:17:03][sabreur][INFO] 3828 records found for GAGTCACT barcode
[2024-04-01][11:17:03][sabreur][INFO] 839 records found for GAGTTGTC barcode
[2024-04-01][11:17:03][sabreur][INFO] 643 records found for GATCCATG barcode
[2024-04-01][11:17:03][sabreur][INFO] 325 records found for GATGACGA barcode
[2024-04-01][11:17:03][sabreur][INFO] 247 records found for GATGCAAG barcode
[2024-04-01][11:17:03][sabreur][INFO] 818 records found for GATCGTAC barcode
[2024-04-01][11:17:03][sabreur][INFO] 940 records found for GATGGATG barcode
[2024-04-01][11:17:03][sabreur][INFO] 168 records found for GATCGAAG barcode
[2024-04-01][11:17:03][sabreur][INFO] 2804 records found for GAGTACTC barcode
[2024-04-01][11:17:03][sabreur][INFO] 870 records found for GATCTCCT barcode
[2024-04-01][11:17:03][sabreur][INFO] 1852 records found for GAGTGTCT barcode
[2024-04-01][11:17:03][sabreur][INFO] 492 records found for GATCACCA barcode
[2024-04-01][11:17:03][sabreur][INFO] 1184 records found for GATGCTTG barcode
[2024-04-01][11:17:03][sabreur][INFO] 4995 records found for GAGTCAGA barcode
[2024-04-01][11:17:03][sabreur][INFO] 732 records found for GATCCTTC barcode
[2024-04-01][11:17:03][sabreur][INFO] 133 records found for GATGGAAC barcode
[2024-04-01][11:17:03][sabreur][INFO] 474 records found for GAGTGTGA barcode
[2024-04-01][11:17:03][sabreur][INFO] 267 records found for GATCAGGA barcode
[2024-04-01][11:17:03][sabreur][INFO] 1234 records found for GATCTGGT barcode
[2024-04-01][11:17:03][sabreur][INFO] 379 records found for GATCCTAG barcode
[2024-04-01][11:17:03][sabreur][INFO] 450 records found for GATGCATC barcode
[2024-04-01][11:17:03][sabreur][INFO] 4700 records found for GAGATCAG barcode
[2024-04-01][11:17:03][sabreur][INFO] 155 records found for GAGTTCTG barcode
[2024-04-01][11:17:03][sabreur][INFO] 2831 records found for GAGTAGAC barcode
[2024-04-01][11:17:03][sabreur][INFO] 822 records found for GATGAGCA barcode
[2024-04-01][11:17:03][sabreur][INFO] 233 records found for GATCGTTG barcode
[2024-04-01][11:17:03][sabreur][INFO] 5912 records found for GAGTCTCA barcode
[2024-04-01][11:17:03][sabreur][INFO] 395 records found for GATCACGT barcode
[2024-04-01][11:17:03][sabreur][INFO] 667 records found for GAGTGAGT barcode
[2024-04-01][11:17:03][sabreur][INFO] 483 records found for GATCGATC barcode
[2024-04-01][11:17:03][sabreur][INFO] 581 records found for GATCCAAC barcode
[2024-04-01][11:17:03][sabreur][INFO] 5772 records found for GAGAGTGT barcode
[2024-04-01][11:17:03][sabreur][INFO] 814 records found for GATGCTAC barcode
[2024-04-01][11:17:03][sabreur][INFO] Results are available in sabreur_out
[2024-04-01][11:17:03][sabreur][INFO] Walltime: 0h:2m:135s 135128ms
[2024-04-01][11:17:03][sabreur][INFO] Thanks. Share. Come again!
[2024-04-01][11:17:03][sabreur][INFO] sabreur v0.5.0 starting up!
[2024-04-01][11:17:03][sabreur][INFO] You are in paired-end mode
[2024-04-01][11:17:03][sabreur][INFO] Output files will be .gz compressed
[2024-04-01][11:17:03][sabreur][INFO] Reusing directory sabreur_out
[2024-04-01][11:19:15][sabreur][INFO] 822 records found for GATGAGCA barcode
[2024-04-01][11:19:15][sabreur][INFO] 133 records found for GATGGAAC barcode
[2024-04-01][11:19:15][sabreur][INFO] 155 records found for GAGTTCTG barcode
[2024-04-01][11:19:15][sabreur][INFO] 170 records found for GAGTTCAC barcode
[2024-04-01][11:19:15][sabreur][INFO] 2758 records found for GAGTACAG barcode
[2024-04-01][11:19:15][sabreur][INFO] 2804 records found for GAGTACTC barcode
[2024-04-01][11:19:15][sabreur][INFO] 1184 records found for GATGCTTG barcode
[2024-04-01][11:19:15][sabreur][INFO] 839 records found for GAGTTGTC barcode
[2024-04-01][11:19:15][sabreur][INFO] 3680 records found for GAGTCTGT barcode
[2024-04-01][11:19:15][sabreur][INFO] 247 records found for GATGCAAG barcode
[2024-04-01][11:19:15][sabreur][INFO] 814 records found for GATGCTAC barcode
[2024-04-01][11:19:15][sabreur][INFO] 3985 records found for GAGTAGTG barcode
[2024-04-01][11:19:15][sabreur][INFO] 143 records found for GAGTTGAG barcode
[2024-04-01][11:19:15][sabreur][INFO] 233 records found for GATCGTTG barcode
[2024-04-01][11:19:15][sabreur][INFO] 5805 records found for GAGATCTC barcode
[2024-04-01][11:19:15][sabreur][INFO] 1234 records found for GATCTGGT barcode
[2024-04-01][11:19:15][sabreur][INFO] 2831 records found for GAGTAGAC barcode
[2024-04-01][11:19:15][sabreur][INFO] 581 records found for GATCCAAC barcode
[2024-04-01][11:19:15][sabreur][INFO] 940 records found for GATGGATG barcode
[2024-04-01][11:19:15][sabreur][INFO] 5772 records found for GAGAGTGT barcode
[2024-04-01][11:19:15][sabreur][INFO] 4700 records found for GAGATCAG barcode
[2024-04-01][11:19:15][sabreur][INFO] 483 records found for GATCGATC barcode
[2024-04-01][11:19:15][sabreur][INFO] 914 records found for GATCAGCT barcode
[2024-04-01][11:19:15][sabreur][INFO] 168 records found for GATCGAAG barcode
[2024-04-01][11:19:15][sabreur][INFO] 818 records found for GATCGTAC barcode
[2024-04-01][11:19:15][sabreur][INFO] 2472 records found for GAGTGACA barcode
[2024-04-01][11:19:15][sabreur][INFO] 5561 records found for GAGATGAC barcode
[2024-04-01][11:19:15][sabreur][INFO] 732 records found for GATCCTTC barcode
[2024-04-01][11:19:15][sabreur][INFO] 4970 records found for GAGATGTG barcode
[2024-04-01][11:19:15][sabreur][INFO] 325 records found for GATGACGA barcode
[2024-04-01][11:19:15][sabreur][INFO] 395 records found for GATCACGT barcode
[2024-04-01][11:19:15][sabreur][INFO] 808 records found for GATCTGCA barcode
[2024-04-01][11:19:15][sabreur][INFO] 1311 records found for GATCTCGA barcode
[2024-04-01][11:19:15][sabreur][INFO] 529 records found for GATGGTAG barcode
[2024-04-01][11:19:15][sabreur][INFO] 4995 records found for GAGTCAGA barcode
[2024-04-01][11:19:15][sabreur][INFO] 667 records found for GAGTGAGT barcode
[2024-04-01][11:19:15][sabreur][INFO] 267 records found for GATCAGGA barcode
[2024-04-01][11:19:15][sabreur][INFO] 474 records found for GAGTGTGA barcode
[2024-04-01][11:19:15][sabreur][INFO] 870 records found for GATCTCCT barcode
[2024-04-01][11:19:15][sabreur][INFO] 287 records found for GATGACCT barcode
[2024-04-01][11:19:15][sabreur][INFO] 5912 records found for GAGTCTCA barcode
[2024-04-01][11:19:15][sabreur][INFO] 3828 records found for GAGTCACT barcode
[2024-04-01][11:19:15][sabreur][INFO] 450 records found for GATGCATC barcode
[2024-04-01][11:19:15][sabreur][INFO] 1852 records found for GAGTGTCT barcode
[2024-04-01][11:19:15][sabreur][INFO] 565 records found for GATGAGGT barcode
[2024-04-01][11:19:15][sabreur][INFO] 379 records found for GATCCTAG barcode
[2024-04-01][11:19:15][sabreur][INFO] 643 records found for GATCCATG barcode
[2024-04-01][11:19:15][sabreur][INFO] 492 records found for GATCACCA barcode
[2024-04-01][11:19:15][sabreur][INFO] Results are available in sabreur_out
[2024-04-01][11:19:15][sabreur][INFO] Walltime: 0h:2m:131s 131299ms
[2024-04-01][11:19:15][sabreur][INFO] Thanks. Share. Come again!
[2024-04-01][11:19:15][sabreur][INFO] sabreur v0.5.0 starting up!
[2024-04-01][11:19:15][sabreur][INFO] You are in paired-end mode
[2024-04-01][11:19:15][sabreur][INFO] Output files will be .gz compressed
[2024-04-01][11:19:15][sabreur][INFO] Reusing directory sabreur_out
[2024-04-01][11:21:25][sabreur][INFO] 2758 records found for GAGTACAG barcode
[2024-04-01][11:21:25][sabreur][INFO] 814 records found for GATGCTAC barcode
[2024-04-01][11:21:25][sabreur][INFO] 808 records found for GATCTGCA barcode
[2024-04-01][11:21:25][sabreur][INFO] 143 records found for GAGTTGAG barcode
[2024-04-01][11:21:25][sabreur][INFO] 5772 records found for GAGAGTGT barcode
[2024-04-01][11:21:25][sabreur][INFO] 247 records found for GATGCAAG barcode
[2024-04-01][11:21:25][sabreur][INFO] 5912 records found for GAGTCTCA barcode
[2024-04-01][11:21:25][sabreur][INFO] 474 records found for GAGTGTGA barcode
[2024-04-01][11:21:25][sabreur][INFO] 2804 records found for GAGTACTC barcode
[2024-04-01][11:21:25][sabreur][INFO] 870 records found for GATCTCCT barcode
[2024-04-01][11:21:25][sabreur][INFO] 2831 records found for GAGTAGAC barcode
[2024-04-01][11:21:25][sabreur][INFO] 287 records found for GATGACCT barcode
[2024-04-01][11:21:25][sabreur][INFO] 940 records found for GATGGATG barcode
[2024-04-01][11:21:25][sabreur][INFO] 732 records found for GATCCTTC barcode
[2024-04-01][11:21:25][sabreur][INFO] 5805 records found for GAGATCTC barcode
[2024-04-01][11:21:25][sabreur][INFO] 818 records found for GATCGTAC barcode
[2024-04-01][11:21:25][sabreur][INFO] 379 records found for GATCCTAG barcode
[2024-04-01][11:21:25][sabreur][INFO] 4995 records found for GAGTCAGA barcode
[2024-04-01][11:21:25][sabreur][INFO] 483 records found for GATCGATC barcode
[2024-04-01][11:21:25][sabreur][INFO] 168 records found for GATCGAAG barcode
[2024-04-01][11:21:25][sabreur][INFO] 170 records found for GAGTTCAC barcode
[2024-04-01][11:21:25][sabreur][INFO] 529 records found for GATGGTAG barcode
[2024-04-01][11:21:25][sabreur][INFO] 643 records found for GATCCATG barcode
[2024-04-01][11:21:25][sabreur][INFO] 4700 records found for GAGATCAG barcode
[2024-04-01][11:21:25][sabreur][INFO] 3828 records found for GAGTCACT barcode
[2024-04-01][11:21:25][sabreur][INFO] 667 records found for GAGTGAGT barcode
[2024-04-01][11:21:25][sabreur][INFO] 1234 records found for GATCTGGT barcode
[2024-04-01][11:21:25][sabreur][INFO] 2472 records found for GAGTGACA barcode
[2024-04-01][11:21:25][sabreur][INFO] 155 records found for GAGTTCTG barcode
[2024-04-01][11:21:25][sabreur][INFO] 565 records found for GATGAGGT barcode
[2024-04-01][11:21:25][sabreur][INFO] 133 records found for GATGGAAC barcode
[2024-04-01][11:21:25][sabreur][INFO] 395 records found for GATCACGT barcode
[2024-04-01][11:21:25][sabreur][INFO] 581 records found for GATCCAAC barcode
[2024-04-01][11:21:25][sabreur][INFO] 914 records found for GATCAGCT barcode
[2024-04-01][11:21:25][sabreur][INFO] 1311 records found for GATCTCGA barcode
[2024-04-01][11:21:25][sabreur][INFO] 5561 records found for GAGATGAC barcode
[2024-04-01][11:21:25][sabreur][INFO] 1184 records found for GATGCTTG barcode
[2024-04-01][11:21:25][sabreur][INFO] 1852 records found for GAGTGTCT barcode
[2024-04-01][11:21:25][sabreur][INFO] 4970 records found for GAGATGTG barcode
[2024-04-01][11:21:25][sabreur][INFO] 822 records found for GATGAGCA barcode
[2024-04-01][11:21:25][sabreur][INFO] 839 records found for GAGTTGTC barcode
[2024-04-01][11:21:25][sabreur][INFO] 450 records found for GATGCATC barcode
[2024-04-01][11:21:25][sabreur][INFO] 3680 records found for GAGTCTGT barcode
[2024-04-01][11:21:25][sabreur][INFO] 325 records found for GATGACGA barcode
[2024-04-01][11:21:25][sabreur][INFO] 267 records found for GATCAGGA barcode
[2024-04-01][11:21:25][sabreur][INFO] 492 records found for GATCACCA barcode
[2024-04-01][11:21:25][sabreur][INFO] 233 records found for GATCGTTG barcode
[2024-04-01][11:21:25][sabreur][INFO] 3985 records found for GAGTAGTG barcode
[2024-04-01][11:21:25][sabreur][INFO] Results are available in sabreur_out
[2024-04-01][11:21:25][sabreur][INFO] Walltime: 0h:2m:130s 130179ms
[2024-04-01][11:21:25][sabreur][INFO] Thanks. Share. Come again!
[2024-04-01][11:21:25][sabreur][INFO] sabreur v0.5.0 starting up!
[2024-04-01][11:21:25][sabreur][INFO] You are in paired-end mode
[2024-04-01][11:21:25][sabreur][INFO] Output files will be .gz compressed
[2024-04-01][11:21:25][sabreur][INFO] Reusing directory sabreur_out
[2024-04-01][11:23:43][sabreur][INFO] 643 records found for GATCCATG barcode
[2024-04-01][11:23:43][sabreur][INFO] 2472 records found for GAGTGACA barcode
[2024-04-01][11:23:43][sabreur][INFO] 3985 records found for GAGTAGTG barcode
[2024-04-01][11:23:43][sabreur][INFO] 4970 records found for GAGATGTG barcode
[2024-04-01][11:23:43][sabreur][INFO] 581 records found for GATCCAAC barcode
[2024-04-01][11:23:43][sabreur][INFO] 5912 records found for GAGTCTCA barcode
[2024-04-01][11:23:43][sabreur][INFO] 1234 records found for GATCTGGT barcode
[2024-04-01][11:23:43][sabreur][INFO] 1311 records found for GATCTCGA barcode
[2024-04-01][11:23:43][sabreur][INFO] 839 records found for GAGTTGTC barcode
[2024-04-01][11:23:43][sabreur][INFO] 395 records found for GATCACGT barcode
[2024-04-01][11:23:43][sabreur][INFO] 155 records found for GAGTTCTG barcode
[2024-04-01][11:23:43][sabreur][INFO] 808 records found for GATCTGCA barcode
[2024-04-01][11:23:43][sabreur][INFO] 1852 records found for GAGTGTCT barcode
[2024-04-01][11:23:43][sabreur][INFO] 822 records found for GATGAGCA barcode
[2024-04-01][11:23:43][sabreur][INFO] 814 records found for GATGCTAC barcode
[2024-04-01][11:23:43][sabreur][INFO] 170 records found for GAGTTCAC barcode
[2024-04-01][11:23:43][sabreur][INFO] 940 records found for GATGGATG barcode
[2024-04-01][11:23:43][sabreur][INFO] 870 records found for GATCTCCT barcode
[2024-04-01][11:23:43][sabreur][INFO] 3828 records found for GAGTCACT barcode
[2024-04-01][11:23:43][sabreur][INFO] 143 records found for GAGTTGAG barcode
[2024-04-01][11:23:43][sabreur][INFO] 450 records found for GATGCATC barcode
[2024-04-01][11:23:43][sabreur][INFO] 5772 records found for GAGAGTGT barcode
[2024-04-01][11:23:43][sabreur][INFO] 233 records found for GATCGTTG barcode
[2024-04-01][11:23:43][sabreur][INFO] 267 records found for GATCAGGA barcode
[2024-04-01][11:23:43][sabreur][INFO] 2758 records found for GAGTACAG barcode
[2024-04-01][11:23:43][sabreur][INFO] 474 records found for GAGTGTGA barcode
[2024-04-01][11:23:43][sabreur][INFO] 732 records found for GATCCTTC barcode
[2024-04-01][11:23:43][sabreur][INFO] 3680 records found for GAGTCTGT barcode
[2024-04-01][11:23:43][sabreur][INFO] 914 records found for GATCAGCT barcode
[2024-04-01][11:23:43][sabreur][INFO] 667 records found for GAGTGAGT barcode
[2024-04-01][11:23:43][sabreur][INFO] 287 records found for GATGACCT barcode
[2024-04-01][11:23:43][sabreur][INFO] 483 records found for GATCGATC barcode
[2024-04-01][11:23:43][sabreur][INFO] 4700 records found for GAGATCAG barcode
[2024-04-01][11:23:43][sabreur][INFO] 2804 records found for GAGTACTC barcode
[2024-04-01][11:23:43][sabreur][INFO] 4995 records found for GAGTCAGA barcode
[2024-04-01][11:23:43][sabreur][INFO] 379 records found for GATCCTAG barcode
[2024-04-01][11:23:43][sabreur][INFO] 2831 records found for GAGTAGAC barcode
[2024-04-01][11:23:43][sabreur][INFO] 133 records found for GATGGAAC barcode
[2024-04-01][11:23:43][sabreur][INFO] 5561 records found for GAGATGAC barcode
[2024-04-01][11:23:43][sabreur][INFO] 492 records found for GATCACCA barcode
[2024-04-01][11:23:43][sabreur][INFO] 325 records found for GATGACGA barcode
[2024-04-01][11:23:43][sabreur][INFO] 818 records found for GATCGTAC barcode
[2024-04-01][11:23:43][sabreur][INFO] 5805 records found for GAGATCTC barcode
[2024-04-01][11:23:43][sabreur][INFO] 168 records found for GATCGAAG barcode
[2024-04-01][11:23:43][sabreur][INFO] 247 records found for GATGCAAG barcode
[2024-04-01][11:23:43][sabreur][INFO] 529 records found for GATGGTAG barcode
[2024-04-01][11:23:43][sabreur][INFO] 565 records found for GATGAGGT barcode
[2024-04-01][11:23:43][sabreur][INFO] 1184 records found for GATGCTTG barcode
[2024-04-01][11:23:43][sabreur][INFO] Results are available in sabreur_out
[2024-04-01][11:23:43][sabreur][INFO] Walltime: 0h:2m:137s 137590ms
[2024-04-01][11:23:43][sabreur][INFO] Thanks. Share. Come again!
[2024-04-01][11:23:43][sabreur][INFO] sabreur v0.5.0 starting up!
[2024-04-01][11:23:43][sabreur][INFO] You are in paired-end mode
[2024-04-01][11:23:43][sabreur][INFO] Output files will be .gz compressed
[2024-04-01][11:23:43][sabreur][INFO] Reusing directory sabreur_out
[2024-04-01][11:25:58][sabreur][INFO] 168 records found for GATCGAAG barcode
[2024-04-01][11:25:58][sabreur][INFO] 233 records found for GATCGTTG barcode
[2024-04-01][11:25:58][sabreur][INFO] 1184 records found for GATGCTTG barcode
[2024-04-01][11:25:58][sabreur][INFO] 4970 records found for GAGATGTG barcode
[2024-04-01][11:25:58][sabreur][INFO] 5805 records found for GAGATCTC barcode
[2024-04-01][11:25:58][sabreur][INFO] 1234 records found for GATCTGGT barcode
[2024-04-01][11:25:58][sabreur][INFO] 247 records found for GATGCAAG barcode
[2024-04-01][11:25:58][sabreur][INFO] 870 records found for GATCTCCT barcode
[2024-04-01][11:25:58][sabreur][INFO] 5772 records found for GAGAGTGT barcode
[2024-04-01][11:25:58][sabreur][INFO] 5561 records found for GAGATGAC barcode
[2024-04-01][11:25:58][sabreur][INFO] 808 records found for GATCTGCA barcode
[2024-04-01][11:25:58][sabreur][INFO] 4700 records found for GAGATCAG barcode
[2024-04-01][11:25:58][sabreur][INFO] 1852 records found for GAGTGTCT barcode
[2024-04-01][11:25:58][sabreur][INFO] 267 records found for GATCAGGA barcode
[2024-04-01][11:25:58][sabreur][INFO] 379 records found for GATCCTAG barcode
[2024-04-01][11:25:58][sabreur][INFO] 483 records found for GATCGATC barcode
[2024-04-01][11:25:58][sabreur][INFO] 940 records found for GATGGATG barcode
[2024-04-01][11:25:58][sabreur][INFO] 143 records found for GAGTTGAG barcode
[2024-04-01][11:25:58][sabreur][INFO] 839 records found for GAGTTGTC barcode
[2024-04-01][11:25:58][sabreur][INFO] 4995 records found for GAGTCAGA barcode
[2024-04-01][11:25:58][sabreur][INFO] 3985 records found for GAGTAGTG barcode
[2024-04-01][11:25:58][sabreur][INFO] 2472 records found for GAGTGACA barcode
[2024-04-01][11:25:58][sabreur][INFO] 3828 records found for GAGTCACT barcode
[2024-04-01][11:25:58][sabreur][INFO] 818 records found for GATCGTAC barcode
[2024-04-01][11:25:58][sabreur][INFO] 732 records found for GATCCTTC barcode
[2024-04-01][11:25:58][sabreur][INFO] 822 records found for GATGAGCA barcode
[2024-04-01][11:25:58][sabreur][INFO] 1311 records found for GATCTCGA barcode
[2024-04-01][11:25:58][sabreur][INFO] 667 records found for GAGTGAGT barcode
[2024-04-01][11:25:58][sabreur][INFO] 170 records found for GAGTTCAC barcode
[2024-04-01][11:25:58][sabreur][INFO] 814 records found for GATGCTAC barcode
[2024-04-01][11:25:58][sabreur][INFO] 474 records found for GAGTGTGA barcode
[2024-04-01][11:25:58][sabreur][INFO] 133 records found for GATGGAAC barcode
[2024-04-01][11:25:58][sabreur][INFO] 5912 records found for GAGTCTCA barcode
[2024-04-01][11:25:58][sabreur][INFO] 643 records found for GATCCATG barcode
[2024-04-01][11:25:58][sabreur][INFO] 325 records found for GATGACGA barcode
[2024-04-01][11:25:58][sabreur][INFO] 2804 records found for GAGTACTC barcode
[2024-04-01][11:25:58][sabreur][INFO] 529 records found for GATGGTAG barcode
[2024-04-01][11:25:58][sabreur][INFO] 450 records found for GATGCATC barcode
[2024-04-01][11:25:58][sabreur][INFO] 2831 records found for GAGTAGAC barcode
[2024-04-01][11:25:58][sabreur][INFO] 581 records found for GATCCAAC barcode
[2024-04-01][11:25:58][sabreur][INFO] 914 records found for GATCAGCT barcode
[2024-04-01][11:25:58][sabreur][INFO] 565 records found for GATGAGGT barcode
[2024-04-01][11:25:58][sabreur][INFO] 155 records found for GAGTTCTG barcode
[2024-04-01][11:25:58][sabreur][INFO] 287 records found for GATGACCT barcode
[2024-04-01][11:25:58][sabreur][INFO] 395 records found for GATCACGT barcode
[2024-04-01][11:25:58][sabreur][INFO] 2758 records found for GAGTACAG barcode
[2024-04-01][11:25:58][sabreur][INFO] 3680 records found for GAGTCTGT barcode
[2024-04-01][11:25:58][sabreur][INFO] 492 records found for GATCACCA barcode
[2024-04-01][11:25:58][sabreur][INFO] Results are available in sabreur_out
[2024-04-01][11:25:58][sabreur][INFO] Walltime: 0h:2m:135s 135380ms
[2024-04-01][11:25:58][sabreur][INFO] Thanks. Share. Come again!
[2024-04-01][11:25:58][sabreur][INFO] sabreur v0.5.0 starting up!
[2024-04-01][11:25:58][sabreur][INFO] You are in paired-end mode
[2024-04-01][11:25:58][sabreur][INFO] Output files will be .gz compressed
[2024-04-01][11:25:58][sabreur][INFO] Reusing directory sabreur_out
[2024-04-01][11:28:16][sabreur][INFO] 1311 records found for GATCTCGA barcode
[2024-04-01][11:28:16][sabreur][INFO] 1234 records found for GATCTGGT barcode
[2024-04-01][11:28:16][sabreur][INFO] 2472 records found for GAGTGACA barcode
[2024-04-01][11:28:16][sabreur][INFO] 4995 records found for GAGTCAGA barcode
[2024-04-01][11:28:16][sabreur][INFO] 732 records found for GATCCTTC barcode
[2024-04-01][11:28:16][sabreur][INFO] 2831 records found for GAGTAGAC barcode
[2024-04-01][11:28:16][sabreur][INFO] 914 records found for GATCAGCT barcode
[2024-04-01][11:28:16][sabreur][INFO] 3985 records found for GAGTAGTG barcode
[2024-04-01][11:28:16][sabreur][INFO] 870 records found for GATCTCCT barcode
[2024-04-01][11:28:16][sabreur][INFO] 2758 records found for GAGTACAG barcode
[2024-04-01][11:28:16][sabreur][INFO] 325 records found for GATGACGA barcode
[2024-04-01][11:28:16][sabreur][INFO] 247 records found for GATGCAAG barcode
[2024-04-01][11:28:16][sabreur][INFO] 287 records found for GATGACCT barcode
[2024-04-01][11:28:16][sabreur][INFO] 233 records found for GATCGTTG barcode
[2024-04-01][11:28:16][sabreur][INFO] 492 records found for GATCACCA barcode
[2024-04-01][11:28:16][sabreur][INFO] 170 records found for GAGTTCAC barcode
[2024-04-01][11:28:16][sabreur][INFO] 2804 records found for GAGTACTC barcode
[2024-04-01][11:28:16][sabreur][INFO] 822 records found for GATGAGCA barcode
[2024-04-01][11:28:16][sabreur][INFO] 4700 records found for GAGATCAG barcode
[2024-04-01][11:28:16][sabreur][INFO] 1184 records found for GATGCTTG barcode
[2024-04-01][11:28:16][sabreur][INFO] 1852 records found for GAGTGTCT barcode
[2024-04-01][11:28:16][sabreur][INFO] 940 records found for GATGGATG barcode
[2024-04-01][11:28:16][sabreur][INFO] 379 records found for GATCCTAG barcode
[2024-04-01][11:28:16][sabreur][INFO] 4970 records found for GAGATGTG barcode
[2024-04-01][11:28:16][sabreur][INFO] 3680 records found for GAGTCTGT barcode
[2024-04-01][11:28:16][sabreur][INFO] 5805 records found for GAGATCTC barcode
[2024-04-01][11:28:16][sabreur][INFO] 3828 records found for GAGTCACT barcode
[2024-04-01][11:28:16][sabreur][INFO] 450 records found for GATGCATC barcode
[2024-04-01][11:28:16][sabreur][INFO] 168 records found for GATCGAAG barcode
[2024-04-01][11:28:16][sabreur][INFO] 267 records found for GATCAGGA barcode
[2024-04-01][11:28:16][sabreur][INFO] 529 records found for GATGGTAG barcode
[2024-04-01][11:28:16][sabreur][INFO] 143 records found for GAGTTGAG barcode
[2024-04-01][11:28:16][sabreur][INFO] 155 records found for GAGTTCTG barcode
[2024-04-01][11:28:16][sabreur][INFO] 667 records found for GAGTGAGT barcode
[2024-04-01][11:28:16][sabreur][INFO] 483 records found for GATCGATC barcode
[2024-04-01][11:28:16][sabreur][INFO] 133 records found for GATGGAAC barcode
[2024-04-01][11:28:16][sabreur][INFO] 808 records found for GATCTGCA barcode
[2024-04-01][11:28:16][sabreur][INFO] 474 records found for GAGTGTGA barcode
[2024-04-01][11:28:16][sabreur][INFO] 395 records found for GATCACGT barcode
[2024-04-01][11:28:16][sabreur][INFO] 5561 records found for GAGATGAC barcode
[2024-04-01][11:28:16][sabreur][INFO] 814 records found for GATGCTAC barcode
[2024-04-01][11:28:16][sabreur][INFO] 5912 records found for GAGTCTCA barcode
[2024-04-01][11:28:16][sabreur][INFO] 839 records found for GAGTTGTC barcode
[2024-04-01][11:28:16][sabreur][INFO] 5772 records found for GAGAGTGT barcode
[2024-04-01][11:28:16][sabreur][INFO] 818 records found for GATCGTAC barcode
[2024-04-01][11:28:16][sabreur][INFO] 643 records found for GATCCATG barcode
[2024-04-01][11:28:16][sabreur][INFO] 581 records found for GATCCAAC barcode
[2024-04-01][11:28:16][sabreur][INFO] 565 records found for GATGAGGT barcode
[2024-04-01][11:28:16][sabreur][INFO] Results are available in sabreur_out
[2024-04-01][11:28:16][sabreur][INFO] Walltime: 0h:2m:137s 137422ms
[2024-04-01][11:28:16][sabreur][INFO] Thanks. Share. Come again!
[2024-04-01][11:28:16][sabreur][INFO] sabreur v0.5.0 starting up!
[2024-04-01][11:28:16][sabreur][INFO] You are in paired-end mode
[2024-04-01][11:28:16][sabreur][INFO] Output files will be .gz compressed
[2024-04-01][11:28:16][sabreur][INFO] Reusing directory sabreur_out
[2024-04-01][11:30:30][sabreur][INFO] 3985 records found for GAGTAGTG barcode
[2024-04-01][11:30:30][sabreur][INFO] 2804 records found for GAGTACTC barcode
[2024-04-01][11:30:30][sabreur][INFO] 643 records found for GATCCATG barcode
[2024-04-01][11:30:30][sabreur][INFO] 667 records found for GAGTGAGT barcode
[2024-04-01][11:30:30][sabreur][INFO] 529 records found for GATGGTAG barcode
[2024-04-01][11:30:30][sabreur][INFO] 5805 records found for GAGATCTC barcode
[2024-04-01][11:30:30][sabreur][INFO] 492 records found for GATCACCA barcode
[2024-04-01][11:30:30][sabreur][INFO] 1311 records found for GATCTCGA barcode
[2024-04-01][11:30:30][sabreur][INFO] 839 records found for GAGTTGTC barcode
[2024-04-01][11:30:30][sabreur][INFO] 5912 records found for GAGTCTCA barcode
[2024-04-01][11:30:30][sabreur][INFO] 1184 records found for GATGCTTG barcode
[2024-04-01][11:30:30][sabreur][INFO] 4700 records found for GAGATCAG barcode
[2024-04-01][11:30:30][sabreur][INFO] 325 records found for GATGACGA barcode
[2024-04-01][11:30:30][sabreur][INFO] 914 records found for GATCAGCT barcode
[2024-04-01][11:30:30][sabreur][INFO] 818 records found for GATCGTAC barcode
[2024-04-01][11:30:30][sabreur][INFO] 814 records found for GATGCTAC barcode
[2024-04-01][11:30:30][sabreur][INFO] 483 records found for GATCGATC barcode
[2024-04-01][11:30:30][sabreur][INFO] 5561 records found for GAGATGAC barcode
[2024-04-01][11:30:30][sabreur][INFO] 3828 records found for GAGTCACT barcode
[2024-04-01][11:30:30][sabreur][INFO] 565 records found for GATGAGGT barcode
[2024-04-01][11:30:30][sabreur][INFO] 143 records found for GAGTTGAG barcode
[2024-04-01][11:30:30][sabreur][INFO] 474 records found for GAGTGTGA barcode
[2024-04-01][11:30:30][sabreur][INFO] 2758 records found for GAGTACAG barcode
[2024-04-01][11:30:30][sabreur][INFO] 133 records found for GATGGAAC barcode
[2024-04-01][11:30:30][sabreur][INFO] 1234 records found for GATCTGGT barcode
[2024-04-01][11:30:30][sabreur][INFO] 732 records found for GATCCTTC barcode
[2024-04-01][11:30:30][sabreur][INFO] 822 records found for GATGAGCA barcode
[2024-04-01][11:30:30][sabreur][INFO] 155 records found for GAGTTCTG barcode
[2024-04-01][11:30:30][sabreur][INFO] 5772 records found for GAGAGTGT barcode
[2024-04-01][11:30:30][sabreur][INFO] 4995 records found for GAGTCAGA barcode
[2024-04-01][11:30:30][sabreur][INFO] 450 records found for GATGCATC barcode
[2024-04-01][11:30:30][sabreur][INFO] 168 records found for GATCGAAG barcode
[2024-04-01][11:30:30][sabreur][INFO] 4970 records found for GAGATGTG barcode
[2024-04-01][11:30:30][sabreur][INFO] 247 records found for GATGCAAG barcode
[2024-04-01][11:30:30][sabreur][INFO] 395 records found for GATCACGT barcode
[2024-04-01][11:30:30][sabreur][INFO] 267 records found for GATCAGGA barcode
[2024-04-01][11:30:30][sabreur][INFO] 379 records found for GATCCTAG barcode
[2024-04-01][11:30:30][sabreur][INFO] 287 records found for GATGACCT barcode
[2024-04-01][11:30:30][sabreur][INFO] 2472 records found for GAGTGACA barcode
[2024-04-01][11:30:30][sabreur][INFO] 3680 records found for GAGTCTGT barcode
[2024-04-01][11:30:30][sabreur][INFO] 233 records found for GATCGTTG barcode
[2024-04-01][11:30:30][sabreur][INFO] 1852 records found for GAGTGTCT barcode
[2024-04-01][11:30:30][sabreur][INFO] 581 records found for GATCCAAC barcode
[2024-04-01][11:30:30][sabreur][INFO] 170 records found for GAGTTCAC barcode
[2024-04-01][11:30:30][sabreur][INFO] 808 records found for GATCTGCA barcode
[2024-04-01][11:30:30][sabreur][INFO] 2831 records found for GAGTAGAC barcode
[2024-04-01][11:30:30][sabreur][INFO] 870 records found for GATCTCCT barcode
[2024-04-01][11:30:30][sabreur][INFO] 940 records found for GATGGATG barcode
[2024-04-01][11:30:30][sabreur][INFO] Results are available in sabreur_out
[2024-04-01][11:30:30][sabreur][INFO] Walltime: 0h:2m:133s 133942ms
[2024-04-01][11:30:30][sabreur][INFO] Thanks. Share. Come again!
[2024-04-01][11:30:30][sabreur][INFO] sabreur v0.5.0 starting up!
[2024-04-01][11:30:30][sabreur][INFO] You are in paired-end mode
[2024-04-01][11:30:30][sabreur][INFO] Output files will be .gz compressed
[2024-04-01][11:30:30][sabreur][INFO] Reusing directory sabreur_out
[2024-04-01][11:32:50][sabreur][INFO] 2758 records found for GAGTACAG barcode
[2024-04-01][11:32:50][sabreur][INFO] 2472 records found for GAGTGACA barcode
[2024-04-01][11:32:50][sabreur][INFO] 155 records found for GAGTTCTG barcode
[2024-04-01][11:32:50][sabreur][INFO] 267 records found for GATCAGGA barcode
[2024-04-01][11:32:50][sabreur][INFO] 287 records found for GATGACCT barcode
[2024-04-01][11:32:50][sabreur][INFO] 5772 records found for GAGAGTGT barcode
[2024-04-01][11:32:50][sabreur][INFO] 529 records found for GATGGTAG barcode
[2024-04-01][11:32:50][sabreur][INFO] 1184 records found for GATGCTTG barcode
[2024-04-01][11:32:50][sabreur][INFO] 5561 records found for GAGATGAC barcode
[2024-04-01][11:32:50][sabreur][INFO] 3985 records found for GAGTAGTG barcode
[2024-04-01][11:32:50][sabreur][INFO] 4995 records found for GAGTCAGA barcode
[2024-04-01][11:32:50][sabreur][INFO] 2831 records found for GAGTAGAC barcode
[2024-04-01][11:32:50][sabreur][INFO] 5912 records found for GAGTCTCA barcode
[2024-04-01][11:32:50][sabreur][INFO] 1311 records found for GATCTCGA barcode
[2024-04-01][11:32:50][sabreur][INFO] 4700 records found for GAGATCAG barcode
[2024-04-01][11:32:50][sabreur][INFO] 1852 records found for GAGTGTCT barcode
[2024-04-01][11:32:50][sabreur][INFO] 581 records found for GATCCAAC barcode
[2024-04-01][11:32:50][sabreur][INFO] 839 records found for GAGTTGTC barcode
[2024-04-01][11:32:50][sabreur][INFO] 3680 records found for GAGTCTGT barcode
[2024-04-01][11:32:50][sabreur][INFO] 233 records found for GATCGTTG barcode
[2024-04-01][11:32:50][sabreur][INFO] 814 records found for GATGCTAC barcode
[2024-04-01][11:32:50][sabreur][INFO] 2804 records found for GAGTACTC barcode
[2024-04-01][11:32:50][sabreur][INFO] 474 records found for GAGTGTGA barcode
[2024-04-01][11:32:50][sabreur][INFO] 450 records found for GATGCATC barcode
[2024-04-01][11:32:50][sabreur][INFO] 643 records found for GATCCATG barcode
[2024-04-01][11:32:50][sabreur][INFO] 870 records found for GATCTCCT barcode
[2024-04-01][11:32:50][sabreur][INFO] 5805 records found for GAGATCTC barcode
[2024-04-01][11:32:50][sabreur][INFO] 565 records found for GATGAGGT barcode
[2024-04-01][11:32:50][sabreur][INFO] 379 records found for GATCCTAG barcode
[2024-04-01][11:32:50][sabreur][INFO] 483 records found for GATCGATC barcode
[2024-04-01][11:32:50][sabreur][INFO] 395 records found for GATCACGT barcode
[2024-04-01][11:32:50][sabreur][INFO] 325 records found for GATGACGA barcode
[2024-04-01][11:32:50][sabreur][INFO] 247 records found for GATGCAAG barcode
[2024-04-01][11:32:50][sabreur][INFO] 822 records found for GATGAGCA barcode
[2024-04-01][11:32:50][sabreur][INFO] 667 records found for GAGTGAGT barcode
[2024-04-01][11:32:50][sabreur][INFO] 940 records found for GATGGATG barcode
[2024-04-01][11:32:50][sabreur][INFO] 492 records found for GATCACCA barcode
[2024-04-01][11:32:50][sabreur][INFO] 143 records found for GAGTTGAG barcode
[2024-04-01][11:32:50][sabreur][INFO] 4970 records found for GAGATGTG barcode
[2024-04-01][11:32:50][sabreur][INFO] 133 records found for GATGGAAC barcode
[2024-04-01][11:32:50][sabreur][INFO] 914 records found for GATCAGCT barcode
[2024-04-01][11:32:50][sabreur][INFO] 168 records found for GATCGAAG barcode
[2024-04-01][11:32:50][sabreur][INFO] 1234 records found for GATCTGGT barcode
[2024-04-01][11:32:50][sabreur][INFO] 808 records found for GATCTGCA barcode
[2024-04-01][11:32:50][sabreur][INFO] 170 records found for GAGTTCAC barcode
[2024-04-01][11:32:50][sabreur][INFO] 732 records found for GATCCTTC barcode
[2024-04-01][11:32:50][sabreur][INFO] 818 records found for GATCGTAC barcode
[2024-04-01][11:32:50][sabreur][INFO] 3828 records found for GAGTCACT barcode
[2024-04-01][11:32:50][sabreur][INFO] Results are available in sabreur_out
[2024-04-01][11:32:50][sabreur][INFO] Walltime: 0h:2m:139s 139560ms
[2024-04-01][11:32:50][sabreur][INFO] Thanks. Share. Come again!
[2024-04-01][11:32:50][sabreur][INFO] sabreur v0.5.0 starting up!
[2024-04-01][11:32:50][sabreur][INFO] You are in paired-end mode
[2024-04-01][11:32:50][sabreur][INFO] Output files will be .gz compressed
[2024-04-01][11:32:50][sabreur][INFO] Reusing directory sabreur_out
[2024-04-01][11:35:09][sabreur][INFO] 732 records found for GATCCTTC barcode
[2024-04-01][11:35:09][sabreur][INFO] 168 records found for GATCGAAG barcode
[2024-04-01][11:35:09][sabreur][INFO] 5912 records found for GAGTCTCA barcode
[2024-04-01][11:35:09][sabreur][INFO] 818 records found for GATCGTAC barcode
[2024-04-01][11:35:09][sabreur][INFO] 814 records found for GATGCTAC barcode
[2024-04-01][11:35:09][sabreur][INFO] 4700 records found for GAGATCAG barcode
[2024-04-01][11:35:09][sabreur][INFO] 155 records found for GAGTTCTG barcode
[2024-04-01][11:35:09][sabreur][INFO] 170 records found for GAGTTCAC barcode
[2024-04-01][11:35:09][sabreur][INFO] 2758 records found for GAGTACAG barcode
[2024-04-01][11:35:09][sabreur][INFO] 2472 records found for GAGTGACA barcode
[2024-04-01][11:35:09][sabreur][INFO] 395 records found for GATCACGT barcode
[2024-04-01][11:35:09][sabreur][INFO] 870 records found for GATCTCCT barcode
[2024-04-01][11:35:09][sabreur][INFO] 143 records found for GAGTTGAG barcode
[2024-04-01][11:35:09][sabreur][INFO] 2831 records found for GAGTAGAC barcode
[2024-04-01][11:35:09][sabreur][INFO] 492 records found for GATCACCA barcode
[2024-04-01][11:35:09][sabreur][INFO] 808 records found for GATCTGCA barcode
[2024-04-01][11:35:09][sabreur][INFO] 529 records found for GATGGTAG barcode
[2024-04-01][11:35:09][sabreur][INFO] 5805 records found for GAGATCTC barcode
[2024-04-01][11:35:09][sabreur][INFO] 643 records found for GATCCATG barcode
[2024-04-01][11:35:09][sabreur][INFO] 940 records found for GATGGATG barcode
[2024-04-01][11:35:09][sabreur][INFO] 474 records found for GAGTGTGA barcode
[2024-04-01][11:35:09][sabreur][INFO] 2804 records found for GAGTACTC barcode
[2024-04-01][11:35:09][sabreur][INFO] 3828 records found for GAGTCACT barcode
[2024-04-01][11:35:09][sabreur][INFO] 1234 records found for GATCTGGT barcode
[2024-04-01][11:35:09][sabreur][INFO] 1311 records found for GATCTCGA barcode
[2024-04-01][11:35:09][sabreur][INFO] 839 records found for GAGTTGTC barcode
[2024-04-01][11:35:09][sabreur][INFO] 247 records found for GATGCAAG barcode
[2024-04-01][11:35:09][sabreur][INFO] 822 records found for GATGAGCA barcode
[2024-04-01][11:35:09][sabreur][INFO] 5561 records found for GAGATGAC barcode
[2024-04-01][11:35:09][sabreur][INFO] 379 records found for GATCCTAG barcode
[2024-04-01][11:35:09][sabreur][INFO] 5772 records found for GAGAGTGT barcode
[2024-04-01][11:35:09][sabreur][INFO] 914 records found for GATCAGCT barcode
[2024-04-01][11:35:09][sabreur][INFO] 325 records found for GATGACGA barcode
[2024-04-01][11:35:09][sabreur][INFO] 581 records found for GATCCAAC barcode
[2024-04-01][11:35:09][sabreur][INFO] 450 records found for GATGCATC barcode
[2024-04-01][11:35:09][sabreur][INFO] 287 records found for GATGACCT barcode
[2024-04-01][11:35:09][sabreur][INFO] 667 records found for GAGTGAGT barcode
[2024-04-01][11:35:09][sabreur][INFO] 4995 records found for GAGTCAGA barcode
[2024-04-01][11:35:09][sabreur][INFO] 483 records found for GATCGATC barcode
[2024-04-01][11:35:09][sabreur][INFO] 1852 records found for GAGTGTCT barcode
[2024-04-01][11:35:09][sabreur][INFO] 565 records found for GATGAGGT barcode
[2024-04-01][11:35:09][sabreur][INFO] 3985 records found for GAGTAGTG barcode
[2024-04-01][11:35:09][sabreur][INFO] 4970 records found for GAGATGTG barcode
[2024-04-01][11:35:09][sabreur][INFO] 3680 records found for GAGTCTGT barcode
[2024-04-01][11:35:09][sabreur][INFO] 267 records found for GATCAGGA barcode
[2024-04-01][11:35:09][sabreur][INFO] 233 records found for GATCGTTG barcode
[2024-04-01][11:35:09][sabreur][INFO] 133 records found for GATGGAAC barcode
[2024-04-01][11:35:09][sabreur][INFO] 1184 records found for GATGCTTG barcode
[2024-04-01][11:35:09][sabreur][INFO] Results are available in sabreur_out
[2024-04-01][11:35:09][sabreur][INFO] Walltime: 0h:2m:139s 139751ms
[2024-04-01][11:35:09][sabreur][INFO] Thanks. Share. Come again!
[2024-04-01][11:35:10][sabreur][INFO] sabreur v0.5.0 starting up!
[2024-04-01][11:35:10][sabreur][INFO] You are in paired-end mode
[2024-04-01][11:35:10][sabreur][INFO] Output files will be .gz compressed
[2024-04-01][11:35:10][sabreur][INFO] Reusing directory sabreur_out
[2024-04-01][11:37:33][sabreur][INFO] 267 records found for GATCAGGA barcode
[2024-04-01][11:37:33][sabreur][INFO] 4700 records found for GAGATCAG barcode
[2024-04-01][11:37:33][sabreur][INFO] 581 records found for GATCCAAC barcode
[2024-04-01][11:37:33][sabreur][INFO] 325 records found for GATGACGA barcode
[2024-04-01][11:37:33][sabreur][INFO] 287 records found for GATGACCT barcode
[2024-04-01][11:37:33][sabreur][INFO] 170 records found for GAGTTCAC barcode
[2024-04-01][11:37:33][sabreur][INFO] 808 records found for GATCTGCA barcode
[2024-04-01][11:37:33][sabreur][INFO] 3680 records found for GAGTCTGT barcode
[2024-04-01][11:37:33][sabreur][INFO] 5805 records found for GAGATCTC barcode
[2024-04-01][11:37:33][sabreur][INFO] 2804 records found for GAGTACTC barcode
[2024-04-01][11:37:33][sabreur][INFO] 529 records found for GATGGTAG barcode
[2024-04-01][11:37:33][sabreur][INFO] 822 records found for GATGAGCA barcode
[2024-04-01][11:37:33][sabreur][INFO] 814 records found for GATGCTAC barcode
[2024-04-01][11:37:33][sabreur][INFO] 2472 records found for GAGTGACA barcode
[2024-04-01][11:37:33][sabreur][INFO] 914 records found for GATCAGCT barcode
[2024-04-01][11:37:33][sabreur][INFO] 2831 records found for GAGTAGAC barcode
[2024-04-01][11:37:33][sabreur][INFO] 1852 records found for GAGTGTCT barcode
[2024-04-01][11:37:33][sabreur][INFO] 4970 records found for GAGATGTG barcode
[2024-04-01][11:37:33][sabreur][INFO] 3828 records found for GAGTCACT barcode
[2024-04-01][11:37:33][sabreur][INFO] 1184 records found for GATGCTTG barcode
[2024-04-01][11:37:33][sabreur][INFO] 565 records found for GATGAGGT barcode
[2024-04-01][11:37:33][sabreur][INFO] 379 records found for GATCCTAG barcode
[2024-04-01][11:37:33][sabreur][INFO] 168 records found for GATCGAAG barcode
[2024-04-01][11:37:33][sabreur][INFO] 2758 records found for GAGTACAG barcode
[2024-04-01][11:37:33][sabreur][INFO] 732 records found for GATCCTTC barcode
[2024-04-01][11:37:33][sabreur][INFO] 492 records found for GATCACCA barcode
[2024-04-01][11:37:33][sabreur][INFO] 3985 records found for GAGTAGTG barcode
[2024-04-01][11:37:33][sabreur][INFO] 155 records found for GAGTTCTG barcode
[2024-04-01][11:37:33][sabreur][INFO] 870 records found for GATCTCCT barcode
[2024-04-01][11:37:33][sabreur][INFO] 5561 records found for GAGATGAC barcode
[2024-04-01][11:37:33][sabreur][INFO] 1311 records found for GATCTCGA barcode
[2024-04-01][11:37:33][sabreur][INFO] 940 records found for GATGGATG barcode
[2024-04-01][11:37:33][sabreur][INFO] 133 records found for GATGGAAC barcode
[2024-04-01][11:37:33][sabreur][INFO] 643 records found for GATCCATG barcode
[2024-04-01][11:37:33][sabreur][INFO] 667 records found for GAGTGAGT barcode
[2024-04-01][11:37:33][sabreur][INFO] 474 records found for GAGTGTGA barcode
[2024-04-01][11:37:33][sabreur][INFO] 483 records found for GATCGATC barcode
[2024-04-01][11:37:33][sabreur][INFO] 247 records found for GATGCAAG barcode
[2024-04-01][11:37:33][sabreur][INFO] 818 records found for GATCGTAC barcode
[2024-04-01][11:37:33][sabreur][INFO] 4995 records found for GAGTCAGA barcode
[2024-04-01][11:37:33][sabreur][INFO] 5772 records found for GAGAGTGT barcode
[2024-04-01][11:37:33][sabreur][INFO] 1234 records found for GATCTGGT barcode
[2024-04-01][11:37:33][sabreur][INFO] 839 records found for GAGTTGTC barcode
[2024-04-01][11:37:33][sabreur][INFO] 233 records found for GATCGTTG barcode
[2024-04-01][11:37:33][sabreur][INFO] 143 records found for GAGTTGAG barcode
[2024-04-01][11:37:33][sabreur][INFO] 5912 records found for GAGTCTCA barcode
[2024-04-01][11:37:33][sabreur][INFO] 450 records found for GATGCATC barcode
[2024-04-01][11:37:33][sabreur][INFO] 395 records found for GATCACGT barcode
[2024-04-01][11:37:33][sabreur][INFO] Results are available in sabreur_out
[2024-04-01][11:37:33][sabreur][INFO] Walltime: 0h:2m:143s 143942ms
[2024-04-01][11:37:33][sabreur][INFO] Thanks. Share. Come again!
[2024-04-01][11:37:34][sabreur][INFO] sabreur v0.5.0 starting up!
[2024-04-01][11:37:34][sabreur][INFO] You are in paired-end mode
[2024-04-01][11:37:34][sabreur][INFO] Output files will be .gz compressed
[2024-04-01][11:37:34][sabreur][INFO] Reusing directory sabreur_out
[2024-04-01][11:40:00][sabreur][INFO] 2804 records found for GAGTACTC barcode
[2024-04-01][11:40:00][sabreur][INFO] 379 records found for GATCCTAG barcode
[2024-04-01][11:40:00][sabreur][INFO] 940 records found for GATGGATG barcode
[2024-04-01][11:40:00][sabreur][INFO] 5912 records found for GAGTCTCA barcode
[2024-04-01][11:40:00][sabreur][INFO] 492 records found for GATCACCA barcode
[2024-04-01][11:40:00][sabreur][INFO] 170 records found for GAGTTCAC barcode
[2024-04-01][11:40:00][sabreur][INFO] 5772 records found for GAGAGTGT barcode
[2024-04-01][11:40:00][sabreur][INFO] 4995 records found for GAGTCAGA barcode
[2024-04-01][11:40:00][sabreur][INFO] 1852 records found for GAGTGTCT barcode
[2024-04-01][11:40:00][sabreur][INFO] 450 records found for GATGCATC barcode
[2024-04-01][11:40:00][sabreur][INFO] 818 records found for GATCGTAC barcode
[2024-04-01][11:40:00][sabreur][INFO] 822 records found for GATGAGCA barcode
[2024-04-01][11:40:00][sabreur][INFO] 474 records found for GAGTGTGA barcode
[2024-04-01][11:40:00][sabreur][INFO] 581 records found for GATCCAAC barcode
[2024-04-01][11:40:00][sabreur][INFO] 870 records found for GATCTCCT barcode
[2024-04-01][11:40:00][sabreur][INFO] 814 records found for GATGCTAC barcode
[2024-04-01][11:40:00][sabreur][INFO] 2472 records found for GAGTGACA barcode
[2024-04-01][11:40:00][sabreur][INFO] 529 records found for GATGGTAG barcode
[2024-04-01][11:40:00][sabreur][INFO] 287 records found for GATGACCT barcode
[2024-04-01][11:40:00][sabreur][INFO] 1234 records found for GATCTGGT barcode
[2024-04-01][11:40:00][sabreur][INFO] 3828 records found for GAGTCACT barcode
[2024-04-01][11:40:00][sabreur][INFO] 808 records found for GATCTGCA barcode
[2024-04-01][11:40:00][sabreur][INFO] 4970 records found for GAGATGTG barcode
[2024-04-01][11:40:00][sabreur][INFO] 3985 records found for GAGTAGTG barcode
[2024-04-01][11:40:00][sabreur][INFO] 1311 records found for GATCTCGA barcode
[2024-04-01][11:40:00][sabreur][INFO] 643 records found for GATCCATG barcode
[2024-04-01][11:40:00][sabreur][INFO] 839 records found for GAGTTGTC barcode
[2024-04-01][11:40:00][sabreur][INFO] 667 records found for GAGTGAGT barcode
[2024-04-01][11:40:00][sabreur][INFO] 5561 records found for GAGATGAC barcode
[2024-04-01][11:40:00][sabreur][INFO] 233 records found for GATCGTTG barcode
[2024-04-01][11:40:00][sabreur][INFO] 3680 records found for GAGTCTGT barcode
[2024-04-01][11:40:00][sabreur][INFO] 143 records found for GAGTTGAG barcode
[2024-04-01][11:40:00][sabreur][INFO] 133 records found for GATGGAAC barcode
[2024-04-01][11:40:00][sabreur][INFO] 2758 records found for GAGTACAG barcode
[2024-04-01][11:40:00][sabreur][INFO] 247 records found for GATGCAAG barcode
[2024-04-01][11:40:00][sabreur][INFO] 2831 records found for GAGTAGAC barcode
[2024-04-01][11:40:00][sabreur][INFO] 914 records found for GATCAGCT barcode
[2024-04-01][11:40:00][sabreur][INFO] 395 records found for GATCACGT barcode
[2024-04-01][11:40:00][sabreur][INFO] 565 records found for GATGAGGT barcode
[2024-04-01][11:40:00][sabreur][INFO] 155 records found for GAGTTCTG barcode
[2024-04-01][11:40:00][sabreur][INFO] 267 records found for GATCAGGA barcode
[2024-04-01][11:40:00][sabreur][INFO] 483 records found for GATCGATC barcode
[2024-04-01][11:40:00][sabreur][INFO] 168 records found for GATCGAAG barcode
[2024-04-01][11:40:00][sabreur][INFO] 325 records found for GATGACGA barcode
[2024-04-01][11:40:00][sabreur][INFO] 732 records found for GATCCTTC barcode
[2024-04-01][11:40:00][sabreur][INFO] 5805 records found for GAGATCTC barcode
[2024-04-01][11:40:00][sabreur][INFO] 1184 records found for GATGCTTG barcode
[2024-04-01][11:40:00][sabreur][INFO] 4700 records found for GAGATCAG barcode
[2024-04-01][11:40:00][sabreur][INFO] Results are available in sabreur_out
[2024-04-01][11:40:00][sabreur][INFO] Walltime: 0h:2m:146s 146433ms
[2024-04-01][11:40:00][sabreur][INFO] Thanks. Share. Come again!
[2024-04-01][11:40:00][sabreur][INFO] sabreur v0.5.0 starting up!
[2024-04-01][11:40:00][sabreur][INFO] You are in paired-end mode
[2024-04-01][11:40:00][sabreur][INFO] Output files will be .gz compressed
[2024-04-01][11:40:00][sabreur][INFO] Reusing directory sabreur_out
[2024-04-01][11:42:36][sabreur][INFO] 233 records found for GATCGTTG barcode
[2024-04-01][11:42:36][sabreur][INFO] 565 records found for GATGAGGT barcode
[2024-04-01][11:42:36][sabreur][INFO] 4970 records found for GAGATGTG barcode
[2024-04-01][11:42:36][sabreur][INFO] 5805 records found for GAGATCTC barcode
[2024-04-01][11:42:36][sabreur][INFO] 5912 records found for GAGTCTCA barcode
[2024-04-01][11:42:36][sabreur][INFO] 839 records found for GAGTTGTC barcode
[2024-04-01][11:42:36][sabreur][INFO] 581 records found for GATCCAAC barcode
[2024-04-01][11:42:36][sabreur][INFO] 133 records found for GATGGAAC barcode
[2024-04-01][11:42:36][sabreur][INFO] 170 records found for GAGTTCAC barcode
[2024-04-01][11:42:36][sabreur][INFO] 1184 records found for GATGCTTG barcode
[2024-04-01][11:42:36][sabreur][INFO] 5561 records found for GAGATGAC barcode
[2024-04-01][11:42:36][sabreur][INFO] 2758 records found for GAGTACAG barcode
[2024-04-01][11:42:36][sabreur][INFO] 325 records found for GATGACGA barcode
[2024-04-01][11:42:36][sabreur][INFO] 1311 records found for GATCTCGA barcode
[2024-04-01][11:42:36][sabreur][INFO] 643 records found for GATCCATG barcode
[2024-04-01][11:42:36][sabreur][INFO] 732 records found for GATCCTTC barcode
[2024-04-01][11:42:36][sabreur][INFO] 667 records found for GAGTGAGT barcode
[2024-04-01][11:42:36][sabreur][INFO] 4995 records found for GAGTCAGA barcode
[2024-04-01][11:42:36][sabreur][INFO] 1234 records found for GATCTGGT barcode
[2024-04-01][11:42:36][sabreur][INFO] 287 records found for GATGACCT barcode
[2024-04-01][11:42:36][sabreur][INFO] 143 records found for GAGTTGAG barcode
[2024-04-01][11:42:36][sabreur][INFO] 808 records found for GATCTGCA barcode
[2024-04-01][11:42:36][sabreur][INFO] 247 records found for GATGCAAG barcode
[2024-04-01][11:42:36][sabreur][INFO] 155 records found for GAGTTCTG barcode
[2024-04-01][11:42:36][sabreur][INFO] 818 records found for GATCGTAC barcode
[2024-04-01][11:42:36][sabreur][INFO] 3985 records found for GAGTAGTG barcode
[2024-04-01][11:42:36][sabreur][INFO] 3680 records found for GAGTCTGT barcode
[2024-04-01][11:42:36][sabreur][INFO] 4700 records found for GAGATCAG barcode
[2024-04-01][11:42:36][sabreur][INFO] 379 records found for GATCCTAG barcode
[2024-04-01][11:42:36][sabreur][INFO] 1852 records found for GAGTGTCT barcode
[2024-04-01][11:42:36][sabreur][INFO] 529 records found for GATGGTAG barcode
[2024-04-01][11:42:36][sabreur][INFO] 2831 records found for GAGTAGAC barcode
[2024-04-01][11:42:36][sabreur][INFO] 870 records found for GATCTCCT barcode
[2024-04-01][11:42:36][sabreur][INFO] 914 records found for GATCAGCT barcode
[2024-04-01][11:42:36][sabreur][INFO] 492 records found for GATCACCA barcode
[2024-04-01][11:42:36][sabreur][INFO] 267 records found for GATCAGGA barcode
[2024-04-01][11:42:36][sabreur][INFO] 940 records found for GATGGATG barcode
[2024-04-01][11:42:36][sabreur][INFO] 168 records found for GATCGAAG barcode
[2024-04-01][11:42:36][sabreur][INFO] 474 records found for GAGTGTGA barcode
[2024-04-01][11:42:36][sabreur][INFO] 2804 records found for GAGTACTC barcode
[2024-04-01][11:42:36][sabreur][INFO] 814 records found for GATGCTAC barcode
[2024-04-01][11:42:36][sabreur][INFO] 5772 records found for GAGAGTGT barcode
[2024-04-01][11:42:36][sabreur][INFO] 450 records found for GATGCATC barcode
[2024-04-01][11:42:36][sabreur][INFO] 3828 records found for GAGTCACT barcode
[2024-04-01][11:42:36][sabreur][INFO] 2472 records found for GAGTGACA barcode
[2024-04-01][11:42:36][sabreur][INFO] 395 records found for GATCACGT barcode
[2024-04-01][11:42:36][sabreur][INFO] 822 records found for GATGAGCA barcode
[2024-04-01][11:42:36][sabreur][INFO] 483 records found for GATCGATC barcode
[2024-04-01][11:42:36][sabreur][INFO] Results are available in sabreur_out
[2024-04-01][11:42:36][sabreur][INFO] Walltime: 0h:2m:155s 155709ms
[2024-04-01][11:42:36][sabreur][INFO] Thanks. Share. Come again!
